<?xml version="1.0" encoding="UTF-8"?>
<testng-results skipped="0" failed="1" ignored="0" total="2" passed="1">
  <reporter-output>
  </reporter-output>
  <suite name="Suite" duration-ms="78563" started-at="2018-01-02T09:38:50Z" finished-at="2018-01-02T09:40:09Z">
    <groups>
    </groups>
    <test name=" Smoke suite" duration-ms="78563" started-at="2018-01-02T09:38:50Z" finished-at="2018-01-02T09:40:09Z">
      <class name="com.pa.qa.testcases.HomePageImageNavigateTest">
        <test-method status="PASS" signature="setUp()[pri:0, instance:com.pa.qa.testcases.HomePageImageNavigateTest@5e5792a0]" name="setUp" is-config="true" duration-ms="29958" started-at="2018-01-02T15:08:50Z" finished-at="2018-01-02T15:09:20Z">
          <reporter-output>
          </reporter-output>
        </test-method> <!-- setUp -->
        <test-method status="PASS" signature="setUp()[pri:0, instance:com.pa.qa.testcases.HomePageTestCase@3ffc5af1]" name="setUp" is-config="true" duration-ms="30464" started-at="2018-01-02T15:09:20Z" finished-at="2018-01-02T15:09:50Z">
          <reporter-output>
          </reporter-output>
        </test-method> <!-- setUp -->
        <test-method status="PASS" signature="HomePageNavigateTest()[pri:2, instance:com.pa.qa.testcases.HomePageImageNavigateTest@5e5792a0]" name="HomePageNavigateTest" duration-ms="11248" started-at="2018-01-02T15:09:56Z" finished-at="2018-01-02T15:10:08Z">
          <reporter-output>
          </reporter-output>
        </test-method> <!-- HomePageNavigateTest -->
        <test-method status="PASS" signature="tearDown()[pri:0, instance:com.pa.qa.testcases.HomePageImageNavigateTest@5e5792a0]" name="tearDown" is-config="true" duration-ms="982" started-at="2018-01-02T15:10:08Z" finished-at="2018-01-02T15:10:09Z">
          <reporter-output>
          </reporter-output>
        </test-method> <!-- tearDown -->
        <test-method status="PASS" signature="getResult(org.testng.ITestResult)[pri:0, instance:com.pa.qa.testcases.HomePageImageNavigateTest@5e5792a0]" name="getResult" is-config="true" duration-ms="0" started-at="2018-01-02T15:10:08Z" finished-at="2018-01-02T15:10:08Z">
          <params>
            <param index="0">
              <value>
                <![CDATA[[TestResult name=HomePageNavigateTest status=SUCCESS method=HomePageImageNavigateTest.HomePageNavigateTest()[pri:2, instance:com.pa.qa.testcases.HomePageImageNavigateTest@5e5792a0] output={null}]]]>
              </value>
            </param>
          </params>
          <reporter-output>
          </reporter-output>
        </test-method> <!-- getResult -->
        <test-method status="PASS" signature="tearDown()[pri:0, instance:com.pa.qa.testcases.HomePageTestCase@3ffc5af1]" name="tearDown" is-config="true" duration-ms="0" started-at="2018-01-02T15:10:09Z" finished-at="2018-01-02T15:10:09Z">
          <reporter-output>
          </reporter-output>
        </test-method> <!-- tearDown -->
      </class> <!-- com.pa.qa.testcases.HomePageImageNavigateTest -->
      <class name="com.pa.qa.testcases.HomePageTestCase">
        <test-method status="FAIL" signature="HomePageTest()[pri:0, instance:com.pa.qa.testcases.HomePageTestCase@3ffc5af1]" name="HomePageTest" duration-ms="5401" started-at="2018-01-02T15:09:50Z" finished-at="2018-01-02T15:09:56Z">
          <exception class="java.lang.AssertionError">
            <message>
              <![CDATA[expected [true] but found [false]]]>
            </message>
            <full-stacktrace>
              <![CDATA[java.lang.AssertionError: expected [true] but found [false]
	at org.testng.Assert.fail(Assert.java:93)
	at org.testng.Assert.failNotEquals(Assert.java:512)
	at org.testng.Assert.assertTrue(Assert.java:41)
	at org.testng.Assert.assertTrue(Assert.java:51)
	at com.pa.qa.pages.HomePage.VerifyHomePageSlides(HomePage.java:48)
	at com.pa.qa.testcases.HomePageTestCase.HomePageTest(HomePageTestCase.java:35)
	at sun.reflect.NativeMethodAccessorImpl.invoke0(Native Method)
	at sun.reflect.NativeMethodAccessorImpl.invoke(Unknown Source)
	at sun.reflect.DelegatingMethodAccessorImpl.invoke(Unknown Source)
	at java.lang.reflect.Method.invoke(Unknown Source)
	at org.testng.internal.MethodInvocationHelper.invokeMethod(MethodInvocationHelper.java:108)
	at org.testng.internal.Invoker.invokeMethod(Invoker.java:661)
	at org.testng.internal.Invoker.invokeTestMethod(Invoker.java:869)
	at org.testng.internal.Invoker.invokeTestMethods(Invoker.java:1193)
	at org.testng.internal.TestMethodWorker.invokeTestMethods(TestMethodWorker.java:126)
	at org.testng.internal.TestMethodWorker.run(TestMethodWorker.java:109)
	at org.testng.TestRunner.privateRun(TestRunner.java:744)
	at org.testng.TestRunner.run(TestRunner.java:602)
	at org.testng.SuiteRunner.runTest(SuiteRunner.java:380)
	at org.testng.SuiteRunner.runSequentially(SuiteRunner.java:375)
	at org.testng.SuiteRunner.privateRun(SuiteRunner.java:340)
	at org.testng.SuiteRunner.run(SuiteRunner.java:289)
	at org.testng.SuiteRunnerWorker.runSuite(SuiteRunnerWorker.java:52)
	at org.testng.SuiteRunnerWorker.run(SuiteRunnerWorker.java:86)
	at org.testng.TestNG.runSuitesSequentially(TestNG.java:1301)
	at org.testng.TestNG.runSuitesLocally(TestNG.java:1226)
	at org.testng.TestNG.runSuites(TestNG.java:1144)
	at org.testng.TestNG.run(TestNG.java:1115)
	at org.testng.remote.AbstractRemoteTestNG.run(AbstractRemoteTestNG.java:132)
	at org.testng.remote.RemoteTestNG.initAndRun(RemoteTestNG.java:236)
	at org.testng.remote.RemoteTestNG.main(RemoteTestNG.java:81)
]]>
            </full-stacktrace>
          </exception> <!-- java.lang.AssertionError -->
          <reporter-output>
          </reporter-output>
        </test-method> <!-- HomePageTest -->
        <test-method status="PASS" signature="getResult(org.testng.ITestResult)[pri:0, instance:com.pa.qa.testcases.HomePageTestCase@3ffc5af1]" name="getResult" is-config="true" duration-ms="489" started-at="2018-01-02T15:09:56Z" finished-at="2018-01-02T15:09:56Z">
          <params>
            <param index="0">
              <value>
                <![CDATA[[TestResult name=HomePageTest status=FAILURE method=HomePageTestCase.HomePageTest()[pri:0, instance:com.pa.qa.testcases.HomePageTestCase@3ffc5af1] output={null}]]]>
              </value>
            </param>
          </params>
          <reporter-output>
          </reporter-output>
        </test-method> <!-- getResult -->
      </class> <!-- com.pa.qa.testcases.HomePageTestCase -->
    </test> <!--  Smoke suite -->
  </suite> <!-- Suite -->
</testng-results>
